{"src\\impressive.js":{"path":"src\\impressive.js","s":{"1":1,"2":1},"b":{},"f":{"1":1},"fnMap":{"1":{"name":"(anonymous_1)","line":2,"loc":{"start":{"line":2,"column":1},"end":{"line":2,"column":11}}}},"statementMap":{"1":{"start":{"line":2,"column":0},"end":{"line":5,"column":5}},"2":{"start":{"line":4,"column":2},"end":{"line":4,"column":44}}},"branchMap":{}},"src\\Player.js":{"path":"src\\Player.js","s":{"1":1,"2":1,"3":5,"4":5,"5":1,"6":2,"7":1,"8":2,"9":1,"10":1,"11":1,"12":1},"b":{"1":[1,1]},"f":{"1":5,"2":5,"3":2,"4":2,"5":1},"fnMap":{"1":{"name":"Player","line":1,"loc":{"start":{"line":1,"column":0},"end":{"line":1,"column":18}}},"2":{"name":"(anonymous_2)","line":4,"loc":{"start":{"line":4,"column":24},"end":{"line":4,"column":39}}},"3":{"name":"(anonymous_3)","line":10,"loc":{"start":{"line":10,"column":25},"end":{"line":10,"column":36}}},"4":{"name":"(anonymous_4)","line":15,"loc":{"start":{"line":15,"column":26},"end":{"line":15,"column":37}}},"5":{"name":"(anonymous_5)","line":24,"loc":{"start":{"line":24,"column":32},"end":{"line":24,"column":43}}}},"statementMap":{"1":{"start":{"line":1,"column":0},"end":{"line":3,"column":1}},"2":{"start":{"line":4,"column":0},"end":{"line":8,"column":2}},"3":{"start":{"line":6,"column":2},"end":{"line":6,"column":35}},"4":{"start":{"line":7,"column":2},"end":{"line":7,"column":24}},"5":{"start":{"line":10,"column":0},"end":{"line":13,"column":2}},"6":{"start":{"line":12,"column":2},"end":{"line":12,"column":25}},"7":{"start":{"line":15,"column":0},"end":{"line":22,"column":2}},"8":{"start":{"line":17,"column":2},"end":{"line":19,"column":3}},"9":{"start":{"line":18,"column":4},"end":{"line":18,"column":47}},"10":{"start":{"line":21,"column":2},"end":{"line":21,"column":24}},"11":{"start":{"line":24,"column":0},"end":{"line":27,"column":2}},"12":{"start":{"line":26,"column":2},"end":{"line":26,"column":56}}},"branchMap":{"1":{"line":17,"type":"if","locations":[{"start":{"line":17,"column":2},"end":{"line":17,"column":2}},{"start":{"line":17,"column":2},"end":{"line":17,"column":2}}]}}},"src\\Song.js":{"path":"src\\Song.js","s":{"1":1,"2":1,"3":0},"b":{},"f":{"1":5,"2":0},"fnMap":{"1":{"name":"Song","line":1,"loc":{"start":{"line":1,"column":0},"end":{"line":1,"column":16}}},"2":{"name":"(anonymous_2)","line":5,"loc":{"start":{"line":5,"column":39},"end":{"line":5,"column":55}}}},"statementMap":{"1":{"start":{"line":1,"column":0},"end":{"line":3,"column":1}},"2":{"start":{"line":5,"column":0},"end":{"line":9,"column":2}},"3":{"start":{"line":8,"column":2},"end":{"line":8,"column":41}}},"branchMap":{}},"src\\superb.js":{"path":"src\\superb.js","s":{"1":1,"2":1},"b":{},"f":{"1":1},"fnMap":{"1":{"name":"(anonymous_1)","line":2,"loc":{"start":{"line":2,"column":1},"end":{"line":2,"column":11}}}},"statementMap":{"1":{"start":{"line":2,"column":0},"end":{"line":5,"column":5}},"2":{"start":{"line":4,"column":2},"end":{"line":4,"column":40}}},"branchMap":{}}}