TN:
SF:src\impressive.js
FN:2,(anonymous_1)
FNF:1
FNH:1
FNDA:1,(anonymous_1)
DA:2,1
DA:4,1
LF:2
LH:2
BRF:0
BRH:0
end_of_record
TN:
SF:src\Player.js
FN:1,Player
FN:4,(anonymous_2)
FN:10,(anonymous_3)
FN:15,(anonymous_4)
FN:24,(anonymous_5)
FNF:5
FNH:5
FNDA:5,Player
FNDA:5,(anonymous_2)
FNDA:2,(anonymous_3)
FNDA:2,(anonymous_4)
FNDA:1,(anonymous_5)
DA:1,1
DA:4,1
DA:6,5
DA:7,5
DA:10,1
DA:12,2
DA:15,1
DA:17,2
DA:18,1
DA:21,1
DA:24,1
DA:26,1
LF:12
LH:12
BRDA:17,1,0,1
BRDA:17,1,1,1
BRF:2
BRH:2
end_of_record
TN:
SF:src\Song.js
FN:1,Song
FN:5,(anonymous_2)
FNF:2
FNH:1
FNDA:5,Song
FNDA:0,(anonymous_2)
DA:1,1
DA:5,1
DA:8,0
LF:3
LH:2
BRF:0
BRH:0
end_of_record
TN:
SF:src\superb.js
FN:2,(anonymous_1)
FNF:1
FNH:1
FNDA:1,(anonymous_1)
DA:2,1
DA:4,1
LF:2
LH:2
BRF:0
BRH:0
end_of_record
